0 info it worked if it ends with ok
1 verbose cli [ 'E:\\node\\node.exe',
1 verbose cli   'C:\\Users\\rafal\\AppData\\Roaming\\npm\\node_modules\\npm\\bin\\npm-cli.js',
1 verbose cli   'run',
1 verbose cli   'test:xunit' ]
2 info using npm@3.10.5
3 info using node@v4.0.0
4 verbose run-script [ 'pretest:xunit', 'test:xunit', 'posttest:xunit' ]
5 info lifecycle book_inventory_service@1.0.0~pretest:xunit: book_inventory_service@1.0.0
6 silly lifecycle book_inventory_service@1.0.0~pretest:xunit: no script for pretest:xunit, continuing
7 info lifecycle book_inventory_service@1.0.0~test:xunit: book_inventory_service@1.0.0
8 verbose lifecycle book_inventory_service@1.0.0~test:xunit: unsafe-perm in lifecycle true
9 verbose lifecycle book_inventory_service@1.0.0~test:xunit: PATH: C:\Users\rafal\AppData\Roaming\npm\node_modules\npm\bin\node-gyp-bin;E:\szkolenie\book_inventory_service\node_modules\.bin;E:\node;E:\programy\ConEmu\Scripts;E:\programy;E:\programy\ConEmu;C:\ProgramData\Oracle\Java\javapath;C:\WINDOWS\system32;C:\WINDOWS;C:\WINDOWS\System32\Wbem;C:\WINDOWS\System32\WindowsPowerShell\v1.0\;C:\Program Files (x86)\ATI Technologies\ATI.ACE\Core-Static;C:\Program Files (x86)\Git\cmd;C:\Program Files (x86)\AMD\ATI.ACE\Core-Static;E:\node\;E:\wamp\bin\php\php5.5.12;C:\ProgramData\ComposerSetup\bin;C:\Program Files (x86)\Skype\Phone\;C:\Program Files\MongoDB\Server\3.2\bin;C:\Program Files (x86)\Heroku\bin;C:\Users\rafal\AppData\Roaming\npm;c:\ffmpeg\bin;c:\oggenc;E:\maven\bin
10 verbose lifecycle book_inventory_service@1.0.0~test:xunit: CWD: E:\szkolenie\book_inventory_service
11 silly lifecycle book_inventory_service@1.0.0~test:xunit: Args: [ '/d /s /c', 'npm run test -- --reporter xunit' ]
12 silly lifecycle book_inventory_service@1.0.0~test:xunit: Returned: code: 1  signal: null
13 info lifecycle book_inventory_service@1.0.0~test:xunit: Failed to exec test:xunit script
14 verbose stack Error: book_inventory_service@1.0.0 test:xunit: `npm run test -- --reporter xunit`
14 verbose stack Exit status 1
14 verbose stack     at EventEmitter.<anonymous> (C:\Users\rafal\AppData\Roaming\npm\node_modules\npm\lib\utils\lifecycle.js:242:16)
14 verbose stack     at emitTwo (events.js:87:13)
14 verbose stack     at EventEmitter.emit (events.js:172:7)
14 verbose stack     at ChildProcess.<anonymous> (C:\Users\rafal\AppData\Roaming\npm\node_modules\npm\lib\utils\spawn.js:40:14)
14 verbose stack     at emitTwo (events.js:87:13)
14 verbose stack     at ChildProcess.emit (events.js:172:7)
14 verbose stack     at maybeClose (internal/child_process.js:817:16)
14 verbose stack     at Process.ChildProcess._handle.onexit (internal/child_process.js:211:5)
15 verbose pkgid book_inventory_service@1.0.0
16 verbose cwd E:\szkolenie\book_inventory_service
17 error Windows_NT 10.0.10586
18 error argv "E:\\node\\node.exe" "C:\\Users\\rafal\\AppData\\Roaming\\npm\\node_modules\\npm\\bin\\npm-cli.js" "run" "test:xunit"
19 error node v4.0.0
20 error npm  v3.10.5
21 error code ELIFECYCLE
22 error book_inventory_service@1.0.0 test:xunit: `npm run test -- --reporter xunit`
22 error Exit status 1
23 error Failed at the book_inventory_service@1.0.0 test:xunit script 'npm run test -- --reporter xunit'.
23 error Make sure you have the latest version of node.js and npm installed.
23 error If you do, this is most likely a problem with the book_inventory_service package,
23 error not with npm itself.
23 error Tell the author that this fails on your system:
23 error     npm run test -- --reporter xunit
23 error You can get information on how to open an issue for this project with:
23 error     npm bugs book_inventory_service
23 error Or if that isn't available, you can get their info via:
23 error     npm owner ls book_inventory_service
23 error There is likely additional logging output above.
24 verbose exit [ 1, true ]
